<?xml version="1.0" encoding="UTF-8"?>
<!-- Generated by org.testng.reporters.JUnitReportReporter -->
<testsuite skipped="0" hostname="LAPTOP-0KH9H061" name="task3.Parameterization" tests="1" failures="0" timestamp="2023-04-05T15:08:44 IST" time="12.651" errors="0">
  <testcase name="loginToApp" time="12.651" classname="task3.Parameterization"/>
  <system-out/>
</testsuite> <!-- task3.Parameterization -->
