<?xml version="1.0" encoding="UTF-8"?>
<!-- Generated by org.testng.reporters.JUnitReportReporter -->
<testsuite skipped="0" hostname="LAPTOP-0KH9H061" name="task2.TestingClass2" tests="1" failures="0" timestamp="2023-04-05T14:30:41 IST" time="0.005" errors="0">
  <testcase name="testcase2" time="0.005" classname="task2.TestingClass2"/>
  <system-out/>
</testsuite> <!-- task2.TestingClass2 -->
