<?xml version="1.0" encoding="UTF-8"?>
<!-- Generated by org.testng.reporters.JUnitReportReporter -->
<testsuite skipped="0" hostname="LAPTOP-0KH9H061" name="task1.TestingClass1" tests="2" failures="0" timestamp="2023-04-05T13:14:49 IST" time="0.008" errors="0">
  <testcase name="testcase1" time="0.005" classname="task1.TestingClass1"/>
  <system-out/>
  <testcase name="testcase2" time="0.003" classname="task1.TestingClass1"/>
  <system-out/>
</testsuite> <!-- task1.TestingClass1 -->
