<?xml version="1.0" encoding="UTF-8"?>
<!-- Generated by org.testng.reporters.JUnitReportReporter -->
<testsuite skipped="0" hostname="LAPTOP-0KH9H061" name="task5.DataDrivenTest" tests="3" failures="0" timestamp="2023-04-05T16:05:59 IST" time="47.031" errors="0">
  <testcase name="loginToApp" time="15.159" classname="task5.DataDrivenTest"/>
  <system-out/>
  <testcase name="loginToApp" time="14.392" classname="task5.DataDrivenTest"/>
  <system-out/>
  <testcase name="loginToApp" time="17.480" classname="task5.DataDrivenTest"/>
  <system-out/>
</testsuite> <!-- task5.DataDrivenTest -->
